[2025-11-16 15:39:14] Nouvelle pièce générée
[2025-11-16 15:39:14] Jeu démarré
[2025-11-16 15:39:15] Pièce état : MovingState
[2025-11-16 15:39:25] Pièce posée dans la grille
[2025-11-16 15:39:25] Nouvelle pièce générée
[2025-11-16 15:39:25] Pièce état : MovingState
[2025-11-16 15:39:35] Pièce posée dans la grille
[2025-11-16 15:39:35] Nouvelle pièce générée
[2025-11-16 15:39:35] Pièce état : MovingState
[2025-11-16 15:39:43] Pièce posée dans la grille
[2025-11-16 15:39:43] Nouvelle pièce générée
[2025-11-16 15:39:44] Pièce état : MovingState
[2025-11-16 15:39:51] Pièce posée dans la grille
[2025-11-16 15:39:51] Nouvelle pièce générée
[2025-11-16 15:39:52] Pièce état : MovingState
[2025-11-16 15:39:58] Pièce posée dans la grille
[2025-11-16 15:39:58] Nouvelle pièce générée
[2025-11-16 15:39:58] Pièce état : MovingState
[2025-11-16 15:40:04] Pièce posée dans la grille
[2025-11-16 15:40:04] Nouvelle pièce générée
[2025-11-16 15:40:04] Pièce état : MovingState
[2025-11-16 15:40:08] Pièce posée dans la grille
[2025-11-16 15:40:08] Nouvelle pièce générée
[2025-11-16 15:40:09] Pièce état : MovingState
[2025-11-16 15:40:12] Pièce posée dans la grille
[2025-11-16 15:40:12] Nouvelle pièce générée
[2025-11-16 15:40:13] Pièce état : MovingState
[2025-11-16 15:49:20] Power-up SlowDown appliqué à la pièce
[2025-11-16 15:49:20] Nouvelle pièce générée
[2025-11-16 15:49:20] Jeu démarré
[2025-11-16 15:49:30] Pièce posée dans la grille
[2025-11-16 15:49:30] Power-up SlowDown appliqué à la pièce
[2025-11-16 15:49:30] Nouvelle pièce générée
[2025-11-16 15:49:40] Pièce posée dans la grille
[2025-11-16 15:49:40] Nouvelle pièce générée
[2025-11-16 15:49:48] Pièce posée dans la grille
[2025-11-16 15:49:48] Nouvelle pièce générée
[2025-11-16 15:49:57] Pièce posée dans la grille
[2025-11-16 15:49:57] Power-up SlowDown appliqué à la pièce
[2025-11-16 15:49:57] Nouvelle pièce générée
[2025-11-16 15:50:05] Pièce posée dans la grille
[2025-11-16 15:50:05] Nouvelle pièce générée
[2025-11-16 15:50:13] Pièce posée dans la grille
[2025-11-16 15:50:13] Nouvelle pièce générée
[2025-11-16 15:50:22] Pièce posée dans la grille
[2025-11-16 15:50:22] Nouvelle pièce générée
[2025-11-16 15:50:31] Pièce posée dans la grille
[2025-11-16 15:50:31] Nouvelle pièce générée
[2025-11-16 15:50:39] Pièce posée dans la grille
[2025-11-16 15:50:39] Nouvelle pièce générée
[2025-11-16 15:50:46] Pièce posée dans la grille
[2025-11-16 15:50:46] Nouvelle pièce générée
[2025-11-16 15:50:53] Pièce posée dans la grille
[2025-11-16 15:50:53] Nouvelle pièce générée
[2025-11-16 15:51:00] Pièce posée dans la grille
[2025-11-16 15:51:00] Nouvelle pièce générée
[2025-11-16 15:51:06] Pièce posée dans la grille
[2025-11-16 15:51:06] Power-up SlowDown appliqué à la pièce
[2025-11-16 15:51:06] Nouvelle pièce générée
[2025-11-16 15:51:12] Pièce posée dans la grille
[2025-11-16 15:51:12] Nouvelle pièce générée
[2025-11-16 15:51:19] Pièce posée dans la grille
[2025-11-16 15:51:19] Nouvelle pièce générée
[2025-11-16 15:51:25] Pièce posée dans la grille
[2025-11-16 15:51:25] Nouvelle pièce générée
[2025-11-16 15:51:31] Pièce posée dans la grille
[2025-11-16 15:51:31] Nouvelle pièce générée
[2025-11-16 15:51:36] Pièce posée dans la grille
[2025-11-16 15:51:36] Nouvelle pièce générée
[2025-11-16 15:51:40] Pièce posée dans la grille
[2025-11-16 15:51:40] Nouvelle pièce générée
[2025-11-16 15:51:45] Pièce posée dans la grille
[2025-11-16 15:51:45] Nouvelle pièce générée
[2025-11-16 15:51:49] Pièce posée dans la grille
[2025-11-16 15:51:49] Nouvelle pièce générée
[2025-11-16 15:51:51] Pièce posée dans la grille
[2025-11-16 15:51:51] Nouvelle pièce générée
[2025-11-16 15:51:52] Pièce posée dans la grille
[2025-11-16 15:51:52] Nouvelle pièce générée
[2025-11-16 15:51:53] Pièce posée dans la grille
[2025-11-16 15:51:53] Nouvelle pièce générée
[2025-11-16 15:51:53] Game Over
[2025-11-16 15:52:19] Nouvelle pièce générée
[2025-11-16 15:52:19] Jeu démarré
[2025-11-16 15:52:25] Pièce posée dans la grille
[2025-11-16 15:52:25] Nouvelle pièce générée
[2025-11-16 15:52:29] Pièce posée dans la grille
[2025-11-16 15:52:29] Power-up SlowDown appliqué à la pièce
[2025-11-16 15:52:29] Nouvelle pièce générée
[2025-11-16 15:52:35] Pièce posée dans la grille
[2025-11-16 15:52:35] Nouvelle pièce générée
[2025-11-16 15:52:42] Pièce posée dans la grille
[2025-11-16 15:52:42] Nouvelle pièce générée
[2025-11-16 15:52:50] Pièce posée dans la grille
[2025-11-16 15:52:50] Nouvelle pièce générée
[2025-11-16 15:52:58] Pièce posée dans la grille
[2025-11-16 15:52:58] Power-up SlowDown appliqué à la pièce
[2025-11-16 15:52:58] Nouvelle pièce générée
[2025-11-16 15:53:05] Pièce posée dans la grille
[2025-11-16 15:53:05] Nouvelle pièce générée
[2025-11-16 15:53:12] Pièce posée dans la grille
[2025-11-16 15:53:12] Power-up SlowDown appliqué à la pièce
[2025-11-16 15:53:12] Nouvelle pièce générée
[2025-11-16 15:53:14] Pièce posée dans la grille
[2025-11-16 15:53:14] Nouvelle pièce générée
[2025-11-16 15:53:17] Pièce posée dans la grille
[2025-11-16 15:53:17] Nouvelle pièce générée
[2025-11-16 15:53:22] Pièce posée dans la grille
[2025-11-16 15:53:22] Nouvelle pièce générée
[2025-11-16 15:53:28] Pièce posée dans la grille
[2025-11-16 15:53:28] Nouvelle pièce générée
[2025-11-16 15:53:34] Pièce posée dans la grille
[2025-11-16 15:53:34] Power-up SlowDown appliqué à la pièce
[2025-11-16 15:53:34] Nouvelle pièce générée
[2025-11-16 15:53:39] Pièce posée dans la grille
[2025-11-16 15:53:39] Nouvelle pièce générée
[2025-11-16 15:53:43] Pièce posée dans la grille
[2025-11-16 15:53:43] Nouvelle pièce générée
[2025-11-16 15:53:49] Pièce posée dans la grille
[2025-11-16 15:53:49] Power-up SlowDown appliqué à la pièce
[2025-11-16 15:53:49] Nouvelle pièce générée
[2025-11-16 15:53:53] Pièce posée dans la grille
[2025-11-16 15:53:53] Power-up SlowDown appliqué à la pièce
[2025-11-16 15:53:53] Nouvelle pièce générée
[2025-11-16 15:53:57] Pièce posée dans la grille
[2025-11-16 15:53:57] Nouvelle pièce générée
[2025-11-16 15:54:02] Pièce posée dans la grille
[2025-11-16 15:54:02] Nouvelle pièce générée
[2025-11-16 15:54:05] Pièce posée dans la grille
[2025-11-16 15:54:05] Nouvelle pièce générée
[2025-11-16 15:54:09] Pièce posée dans la grille
[2025-11-16 15:54:09] Nouvelle pièce générée
[2025-11-16 15:54:12] Pièce posée dans la grille
[2025-11-16 15:54:12] Nouvelle pièce générée
[2025-11-16 15:54:15] Pièce posée dans la grille
[2025-11-16 15:54:15] Nouvelle pièce générée
[2025-11-16 15:54:18] Pièce posée dans la grille
[2025-11-16 15:54:18] Nouvelle pièce générée
[2025-11-16 15:54:20] Pièce posée dans la grille
[2025-11-16 15:54:20] Nouvelle pièce générée
[2025-11-16 15:54:21] Pièce posée dans la grille
[2025-11-16 15:54:21] Nouvelle pièce générée
[2025-11-16 15:54:21] Game Over
[2025-11-16 15:55:18] Nouvelle pièce générée
[2025-11-16 15:55:18] Jeu démarré
[2025-11-16 15:55:23] Pièce posée dans la grille
[2025-11-16 15:55:23] Nouvelle pièce générée
[2025-11-16 15:55:29] Pièce posée dans la grille
[2025-11-16 15:55:29] Nouvelle pièce générée
[2025-11-16 15:55:38] Pièce posée dans la grille
[2025-11-16 15:55:38] Nouvelle pièce générée
[2025-11-16 15:55:44] Pièce posée dans la grille
[2025-11-16 15:55:44] Nouvelle pièce générée
[2025-11-16 15:55:52] Pièce posée dans la grille
[2025-11-16 15:55:52] Nouvelle pièce générée
[2025-11-16 15:56:00] Pièce posée dans la grille
[2025-11-16 15:56:00] Nouvelle pièce générée
[2025-11-16 15:56:07] Pièce posée dans la grille
[2025-11-16 15:56:07] Nouvelle pièce générée
[2025-11-16 15:56:12] Pièce posée dans la grille
[2025-11-16 15:56:12] Power-up SlowDown appliqué à la pièce
[2025-11-16 15:56:12] Nouvelle pièce générée
[2025-11-16 15:56:16] Pièce posée dans la grille
[2025-11-16 15:56:16] Nouvelle pièce générée
[2025-11-16 15:56:22] Pièce posée dans la grille
[2025-11-16 15:56:22] Nouvelle pièce générée
[2025-11-16 15:56:27] Pièce posée dans la grille
[2025-11-16 15:56:27] Nouvelle pièce générée
[2025-11-16 15:56:33] Pièce posée dans la grille
[2025-11-16 15:56:33] Nouvelle pièce générée
[2025-11-16 15:56:37] Pièce posée dans la grille
[2025-11-16 15:56:37] Nouvelle pièce générée
[2025-11-16 15:56:42] Pièce posée dans la grille
[2025-11-16 15:56:42] Nouvelle pièce générée
[2025-11-16 15:56:45] Pièce posée dans la grille
[2025-11-16 15:56:45] Nouvelle pièce générée
[2025-11-16 15:56:47] Pièce posée dans la grille
[2025-11-16 15:56:47] Nouvelle pièce générée
[2025-11-16 15:56:51] Pièce posée dans la grille
[2025-11-16 15:56:51] Nouvelle pièce générée
[2025-11-16 15:56:56] Pièce posée dans la grille
[2025-11-16 15:56:56] Lignes complétées: 1
[2025-11-16 15:56:56] Nouvelle pièce générée
[2025-11-16 15:57:06] Pièce posée dans la grille
[2025-11-16 15:57:06] Power-up SlowDown appliqué à la pièce
[2025-11-16 15:57:06] Nouvelle pièce générée
[2025-11-16 15:57:09] Pièce posée dans la grille
[2025-11-16 15:57:09] Nouvelle pièce générée
[2025-11-16 15:57:17] Pièce posée dans la grille
[2025-11-16 15:57:17] Nouvelle pièce générée
[2025-11-16 15:57:19] Pièce posée dans la grille
[2025-11-16 15:57:19] Power-up SlowDown appliqué à la pièce
[2025-11-16 15:57:19] Nouvelle pièce générée
[2025-11-16 15:57:26] Pièce posée dans la grille
[2025-11-16 15:57:26] Nouvelle pièce générée
[2025-11-16 15:57:27] Pièce posée dans la grille
[2025-11-16 15:57:27] Nouvelle pièce générée
[2025-11-16 15:57:27] Game Over
[2025-11-16 16:18:29] Nouvelle pièce générée
[2025-11-16 16:18:29] Jeu démarré
[2025-11-16 16:18:35] Pièce posée dans la grille
[2025-11-16 16:18:35] Nouvelle pièce générée
[2025-11-16 16:18:38] Pièce posée dans la grille
[2025-11-16 16:18:38] Nouvelle pièce générée
[2025-11-16 16:18:48] Pièce posée dans la grille
[2025-11-16 16:18:48] Nouvelle pièce générée
[2025-11-16 16:18:52] Pièce posée dans la grille
[2025-11-16 16:18:52] Power-up SlowDown appliqué à la pièce
[2025-11-16 16:18:52] Nouvelle pièce générée
[2025-11-16 16:18:57] Pièce posée dans la grille
[2025-11-16 16:18:57] Nouvelle pièce générée
[2025-11-16 16:19:03] Pièce posée dans la grille
[2025-11-16 16:19:03] Lignes complétées: 1
[2025-11-16 16:19:03] Nouvelle pièce générée
[2025-11-16 16:19:09] Pièce posée dans la grille
[2025-11-16 16:19:09] Lignes complétées: 1
[2025-11-16 16:19:09] Nouvelle pièce générée
[2025-11-16 16:19:15] Pièce posée dans la grille
[2025-11-16 16:19:15] Nouvelle pièce générée
[2025-11-16 16:19:23] Pièce posée dans la grille
[2025-11-16 16:19:23] Lignes complétées: 1
[2025-11-16 16:19:23] Nouvelle pièce générée
[2025-11-16 16:19:28] Pièce posée dans la grille
[2025-11-16 16:19:28] Nouvelle pièce générée
[2025-11-16 16:19:33] Pièce posée dans la grille
[2025-11-16 16:19:33] Nouvelle pièce générée
[2025-11-16 16:19:38] Pièce posée dans la grille
[2025-11-16 16:19:38] Lignes complétées: 1
[2025-11-16 16:19:38] Nouvelle pièce générée
[2025-11-16 16:19:42] Pièce posée dans la grille
[2025-11-16 16:19:42] Nouvelle pièce générée
[2025-11-16 16:19:46] Pièce posée dans la grille
[2025-11-16 16:19:46] Nouvelle pièce générée
[2025-11-16 16:19:50] Pièce posée dans la grille
[2025-11-16 16:19:50] Lignes complétées: 1
[2025-11-16 16:19:50] Nouvelle pièce générée
[2025-11-16 16:19:59] Pièce posée dans la grille
[2025-11-16 16:19:59] Nouvelle pièce générée
[2025-11-16 16:20:05] Pièce posée dans la grille
[2025-11-16 16:20:05] Nouvelle pièce générée
[2025-11-16 16:20:09] Pièce posée dans la grille
[2025-11-16 16:20:09] Nouvelle pièce générée
[2025-11-16 16:20:13] Pièce posée dans la grille
[2025-11-16 16:20:13] Nouvelle pièce générée
[2025-11-16 16:20:20] Pièce posée dans la grille
[2025-11-16 16:20:20] Nouvelle pièce générée
[2025-11-16 16:20:22] Pièce posée dans la grille
[2025-11-16 16:20:22] Nouvelle pièce générée
[2025-11-16 16:20:24] Pièce posée dans la grille
[2025-11-16 16:20:24] Nouvelle pièce générée
[2025-11-16 16:20:26] Pièce posée dans la grille
[2025-11-16 16:20:26] Nouvelle pièce générée
[2025-11-16 16:20:28] Pièce posée dans la grille
[2025-11-16 16:20:28] Nouvelle pièce générée
[2025-11-16 16:20:29] Pièce posée dans la grille
[2025-11-16 16:20:29] Power-up SlowDown appliqué à la pièce
[2025-11-16 16:20:29] Nouvelle pièce générée
[2025-11-16 16:20:31] Pièce posée dans la grille
[2025-11-16 16:20:31] Nouvelle pièce générée
[2025-11-16 16:20:32] Pièce posée dans la grille
[2025-11-16 16:20:32] Nouvelle pièce générée
[2025-11-16 16:20:32] Pièce posée dans la grille
[2025-11-16 16:20:32] Nouvelle pièce générée
[2025-11-16 16:20:32] Game Over
[2025-11-16 16:23:54] Nouvelle pièce générée
[2025-11-16 16:23:54] Jeu démarré
[2025-11-16 16:23:55] Pièce état : MovingState
[2025-11-16 16:23:59] Pièce posée dans la grille
[2025-11-16 16:23:59] Nouvelle pièce générée
[2025-11-16 16:23:59] Pièce état : MovingState
[2025-11-16 16:24:03] Pièce posée dans la grille
[2025-11-16 16:24:03] Power-up SlowDown appliqué à la pièce
[2025-11-16 16:24:03] Nouvelle pièce générée
[2025-11-16 16:24:04] Pièce état : MovingState
[2025-11-16 16:24:09] Pièce posée dans la grille
[2025-11-16 16:24:09] Nouvelle pièce générée
[2025-11-16 16:24:09] Pièce état : MovingState
[2025-11-16 16:24:16] Pièce posée dans la grille
[2025-11-16 16:24:16] Power-up SlowDown appliqué à la pièce
[2025-11-16 16:24:16] Nouvelle pièce générée
[2025-11-16 16:24:17] Pièce état : MovingState
[2025-11-16 16:24:20] Pièce posée dans la grille
[2025-11-16 16:24:20] Lignes complétées: 1
[2025-11-16 16:24:20] Nouvelle pièce générée
[2025-11-16 16:24:21] Pièce état : MovingState
[2025-11-16 16:24:24] Pièce posée dans la grille
[2025-11-16 16:24:24] Nouvelle pièce générée
[2025-11-16 16:24:25] Pièce état : MovingState
[2025-11-16 16:32:18] Nouvelle pièce générée
[2025-11-16 16:32:18] Jeu démarré
[2025-11-16 16:32:19] Pièce état : MovingState
[2025-11-16 16:32:24] Pièce posée dans la grille
[2025-11-16 16:32:24] Nouvelle pièce générée
[2025-11-16 16:32:25] Pièce état : MovingState
[2025-11-16 16:32:30] Pièce posée dans la grille
[2025-11-16 16:32:30] Nouvelle pièce générée
[2025-11-16 16:32:30] Pièce état : MovingState
[2025-11-16 16:32:38] Pièce posée dans la grille
[2025-11-16 16:32:38] Nouvelle pièce générée
[2025-11-16 16:32:38] Pièce état : MovingState
[2025-11-16 16:32:43] Pièce posée dans la grille
[2025-11-16 16:32:43] Lignes complétées: 1
[2025-11-16 16:32:43] Nouvelle pièce générée
[2025-11-16 16:32:44] Pièce état : MovingState
[2025-11-16 16:32:50] Pièce posée dans la grille
[2025-11-16 16:32:50] Nouvelle pièce générée
[2025-11-16 16:32:51] Pièce état : MovingState
[2025-11-16 16:32:56] Pièce posée dans la grille
[2025-11-16 16:32:56] Nouvelle pièce générée
[2025-11-16 16:32:57] Pièce état : MovingState
[2025-11-16 16:32:59] Pièce posée dans la grille
[2025-11-16 16:32:59] Nouvelle pièce générée
[2025-11-16 16:33:00] Pièce état : MovingState
[2025-11-16 16:33:04] Pièce posée dans la grille
[2025-11-16 16:33:04] Nouvelle pièce générée
[2025-11-16 16:33:05] Pièce état : MovingState
[2025-11-16 16:33:08] Pièce posée dans la grille
[2025-11-16 16:33:08] Nouvelle pièce générée
[2025-11-16 16:33:09] Pièce état : MovingState
[2025-11-16 16:33:13] Pièce posée dans la grille
[2025-11-16 16:33:13] Nouvelle pièce générée
[2025-11-16 16:33:13] Pièce état : MovingState
[2025-11-16 16:33:17] Pièce posée dans la grille
[2025-11-16 16:33:17] Nouvelle pièce générée
[2025-11-16 16:33:18] Pièce état : MovingState
[2025-11-16 16:33:25] Pièce posée dans la grille
[2025-11-16 16:33:25] Power-up SlowDown appliqué à la pièce
[2025-11-16 16:33:25] Nouvelle pièce générée
[2025-11-16 16:33:26] Pièce état : MovingState
[2025-11-16 16:33:32] Pièce posée dans la grille
[2025-11-16 16:33:32] Nouvelle pièce générée
[2025-11-16 16:33:33] Pièce état : MovingState
[2025-11-16 16:33:37] Pièce posée dans la grille
[2025-11-16 16:33:37] Nouvelle pièce générée
[2025-11-16 16:33:37] Pièce état : MovingState
[2025-11-16 16:33:45] Pièce posée dans la grille
[2025-11-16 16:33:45] Nouvelle pièce générée
[2025-11-16 16:33:45] Pièce état : MovingState
[2025-11-16 16:33:50] Pièce posée dans la grille
[2025-11-16 16:33:50] Nouvelle pièce générée
[2025-11-16 16:33:51] Pièce état : MovingState
[2025-11-16 16:33:54] Pièce posée dans la grille
[2025-11-16 16:33:54] Nouvelle pièce générée
[2025-11-16 16:33:55] Pièce état : MovingState
[2025-11-16 16:34:00] Pièce posée dans la grille
[2025-11-16 16:34:00] Nouvelle pièce générée
[2025-11-16 16:34:00] Pièce état : MovingState
[2025-11-16 16:34:04] Pièce posée dans la grille
[2025-11-16 16:34:04] Nouvelle pièce générée
[2025-11-16 16:34:05] Pièce état : MovingState
[2025-11-16 16:34:08] Pièce posée dans la grille
[2025-11-16 16:34:08] Nouvelle pièce générée
[2025-11-16 16:34:08] Pièce état : MovingState
[2025-11-16 16:34:11] Pièce posée dans la grille
[2025-11-16 16:34:11] Nouvelle pièce générée
[2025-11-16 16:34:12] Pièce état : MovingState
[2025-11-16 16:34:17] Pièce posée dans la grille
[2025-11-16 16:34:17] Nouvelle pièce générée
[2025-11-16 16:34:17] Pièce état : MovingState
[2025-11-16 16:34:20] Pièce posée dans la grille
[2025-11-16 16:34:20] Power-up SlowDown appliqué à la pièce
[2025-11-16 16:34:20] Nouvelle pièce générée
[2025-11-16 16:34:21] Pièce état : MovingState
[2025-11-16 16:34:24] Pièce posée dans la grille
[2025-11-16 16:34:24] Nouvelle pièce générée
[2025-11-16 16:34:24] Pièce état : MovingState
[2025-11-16 16:34:26] Pièce posée dans la grille
[2025-11-16 16:34:26] Nouvelle pièce générée
[2025-11-16 16:34:27] Pièce état : MovingState
[2025-11-16 16:34:29] Pièce posée dans la grille
[2025-11-16 16:34:29] Lignes complétées: 1
[2025-11-16 16:34:29] Power-up SlowDown appliqué à la pièce
[2025-11-16 16:34:29] Nouvelle pièce générée
[2025-11-16 16:34:30] Pièce état : MovingState
[2025-11-16 16:34:33] Pièce posée dans la grille
[2025-11-16 16:34:33] Nouvelle pièce générée
[2025-11-16 16:34:33] Pièce état : MovingState
[2025-11-16 16:34:36] Pièce posée dans la grille
[2025-11-16 16:34:36] Lignes complétées: 1
[2025-11-16 16:34:36] Nouvelle pièce générée
[2025-11-16 16:34:37] Pièce état : MovingState
[2025-11-16 16:34:41] Pièce posée dans la grille
[2025-11-16 16:34:41] Nouvelle pièce générée
[2025-11-16 16:34:41] Pièce état : MovingState
[2025-11-17 18:47:59] Power-up SlowDown appliqué à la pièce
[2025-11-17 18:47:59] Nouvelle pièce générée
[2025-11-17 18:47:59] Jeu démarré
[2025-11-17 18:48:00] Pièce état : MovingState
[2025-11-17 18:48:07] Pièce posée dans la grille
[2025-11-17 18:48:07] Nouvelle pièce générée
[2025-11-17 18:48:07] Pièce état : MovingState
[2025-11-17 18:48:12] Pièce posée dans la grille
[2025-11-17 18:48:12] Nouvelle pièce générée
[2025-11-17 18:48:13] Pièce état : MovingState
[2025-11-17 18:48:16] Pièce posée dans la grille
[2025-11-17 18:48:16] Lignes complétées: 1
[2025-11-17 18:48:16] Nouvelle pièce générée
[2025-11-17 18:48:16] Pièce état : MovingState
[2025-11-17 18:52:11] Nouvelle pièce générée
[2025-11-17 18:52:11] Jeu démarré
[2025-11-17 18:52:12] Pièce état : MovingState
[2025-11-17 18:52:22] Pièce posée dans la grille
[2025-11-17 18:52:22] Nouvelle pièce générée
[2025-11-17 18:52:23] Pièce état : MovingState
[2025-11-17 18:52:31] Pièce posée dans la grille
[2025-11-17 18:52:31] Nouvelle pièce générée
[2025-11-17 18:52:32] Pièce état : MovingState
[2025-11-17 19:04:51] Nouvelle pièce générée
[2025-11-17 19:04:51] Jeu démarré
[2025-11-17 19:04:52] Pièce état : MovingState
[2025-11-17 19:04:56] Pièce posée dans la grille
[2025-11-17 19:04:56] Nouvelle pièce générée
[2025-11-17 19:04:57] Pièce état : MovingState
[2025-11-17 19:05:02] Pièce posée dans la grille
[2025-11-17 19:05:02] Nouvelle pièce générée
[2025-11-17 19:05:02] Pièce état : MovingState
[2025-11-17 19:59:25] Nouvelle pièce générée
[2025-11-17 19:59:25] Jeu démarré
[2025-11-17 19:59:25] Pièce état : MovingState
[2025-11-17 19:59:30] Pièce posée dans la grille
[2025-11-17 19:59:30] Nouvelle pièce générée
[2025-11-17 19:59:30] Pièce état : MovingState
[2025-11-17 20:11:56] Nouvelle pièce générée
[2025-11-17 20:11:56] Jeu démarré
[2025-11-17 20:11:57] Pièce état : MovingState
[2025-11-17 20:13:43] Nouvelle pièce générée
[2025-11-17 20:13:43] Jeu démarré
[2025-11-17 20:13:43] Pièce état : MovingState
[2025-11-17 20:13:45] Pièce tournée
[2025-11-17 20:13:45] Pièce tournée
[2025-11-17 20:13:49] Pièce tournée
[2025-11-17 20:13:50] Pièce tournée
[2025-11-17 20:13:50] Pièce tournée
[2025-11-17 20:13:52] Pièce posée dans la grille
[2025-11-17 20:13:52] Nouvelle pièce générée
[2025-11-17 20:13:53] Pièce état : MovingState
[2025-11-17 20:13:58] Pièce posée dans la grille
[2025-11-17 20:13:58] Nouvelle pièce générée
[2025-11-17 20:13:59] Pièce état : MovingState
[2025-11-17 20:14:03] Pièce posée dans la grille
[2025-11-17 20:14:03] Nouvelle pièce générée
[2025-11-17 20:14:03] Pièce état : MovingState
[2025-11-17 20:14:04] Pièce tournée
[2025-11-17 20:14:06] Pièce tournée
[2025-11-17 20:14:06] Pièce tournée
[2025-11-17 20:14:09] Pièce tournée
[2025-11-17 20:14:12] Pièce posée dans la grille
[2025-11-17 20:14:12] Lignes complétées: 1
[2025-11-17 20:14:12] Power-up SlowDown appliqué à la pièce
[2025-11-17 20:14:12] Nouvelle pièce générée
[2025-11-17 20:14:13] Pièce état : MovingState
[2025-11-17 20:14:18] Pièce posée dans la grille
[2025-11-17 20:14:18] Power-up SlowDown appliqué à la pièce
[2025-11-17 20:14:18] Nouvelle pièce générée
[2025-11-17 20:14:18] Pièce état : MovingState
[2025-11-17 20:14:23] Pièce posée dans la grille
[2025-11-17 20:14:23] Nouvelle pièce générée
[2025-11-17 20:14:24] Pièce état : MovingState
[2025-11-17 20:20:25] Nouvelle pièce générée
[2025-11-17 20:20:25] Jeu démarré
[2025-11-17 20:20:25] Pièce état : MovingState
[2025-11-17 20:20:29] Pièce tournée
[2025-11-17 20:20:30] Pièce tournée
[2025-11-17 20:20:30] Pièce tournée
[2025-11-17 20:20:31] Pièce tournée
[2025-11-17 20:20:31] Pièce tournée
[2025-11-17 20:20:31] Pièce tournée
[2025-11-17 20:20:31] Pièce tournée
[2025-11-17 20:20:33] Pièce posée dans la grille
[2025-11-17 20:20:33] Nouvelle pièce générée
[2025-11-17 20:20:33] Pièce état : MovingState
[2025-11-17 20:20:33] Pièce tournée
[2025-11-17 20:20:34] Pièce tournée
[2025-11-17 20:20:35] Pièce tournée
[2025-11-17 20:20:35] Pièce tournée
[2025-11-17 20:20:36] Pièce tournée
[2025-11-17 20:20:36] Pièce tournée
[2025-11-17 20:20:37] Pièce tournée
[2025-11-17 20:20:39] Pièce posée dans la grille
[2025-11-17 20:20:39] Nouvelle pièce générée
[2025-11-17 20:20:39] Pièce état : MovingState
[2025-11-17 20:20:41] Pièce tournée
[2025-11-17 20:20:41] Pièce tournée
[2025-11-17 20:20:42] Pièce tournée
[2025-11-17 20:20:42] Pièce tournée
[2025-11-17 20:20:42] Pièce tournée
[2025-11-17 20:20:44] Pièce tournée
[2025-11-17 20:20:45] Pièce posée dans la grille
[2025-11-17 20:20:45] Power-up SlowDown appliqué à la pièce
[2025-11-17 20:20:45] Nouvelle pièce générée
[2025-11-17 20:20:46] Pièce état : MovingState
[2025-11-17 20:20:47] Pièce tournée
[2025-11-17 20:20:47] Pièce tournée
[2025-11-17 20:20:47] Pièce tournée
[2025-11-17 20:20:48] Pièce tournée
[2025-11-17 20:20:48] Pièce tournée
[2025-11-17 20:20:48] Pièce tournée
[2025-11-17 20:20:48] Pièce tournée
[2025-11-17 20:20:50] Pièce tournée
[2025-11-17 20:20:51] Pièce tournée
[2025-11-17 20:20:51] Pièce tournée
[2025-11-17 20:20:52] Pièce tournée
[2025-11-17 20:20:52] Pièce tournée
[2025-11-17 20:20:54] Pièce posée dans la grille
[2025-11-17 20:20:54] Nouvelle pièce générée
[2025-11-17 20:20:54] Pièce état : MovingState
[2025-11-17 20:20:55] Pièce tournée
[2025-11-17 20:20:56] Pièce tournée
[2025-11-17 20:20:56] Pièce tournée
[2025-11-17 20:20:57] Pièce tournée
[2025-11-17 20:20:57] Pièce tournée
[2025-11-17 20:20:58] Pièce tournée
[2025-11-17 20:20:58] Pièce tournée
[2025-11-17 20:20:58] Pièce tournée
[2025-11-17 20:20:58] Pièce tournée
[2025-11-17 20:20:59] Pièce tournée
[2025-11-17 20:21:00] Pièce tournée
[2025-11-17 20:21:01] Pièce posée dans la grille
[2025-11-17 20:21:01] Nouvelle pièce générée
[2025-11-17 20:21:02] Pièce état : MovingState
[2025-11-17 20:21:02] Pièce tournée
[2025-11-17 20:21:02] Pièce tournée
[2025-11-17 20:21:05] Pièce posée dans la grille
[2025-11-17 20:21:05] Nouvelle pièce générée
[2025-11-17 20:21:06] Pièce état : MovingState
[2025-11-17 20:21:06] Pièce tournée
[2025-11-17 20:21:07] Pièce tournée
[2025-11-17 20:21:07] Pièce tournée
[2025-11-17 20:21:08] Pièce tournée
[2025-11-17 20:21:08] Pièce tournée
[2025-11-17 20:21:08] Pièce tournée
[2025-11-17 20:21:08] Pièce tournée
[2025-11-17 20:21:15] Pièce posée dans la grille
[2025-11-17 20:21:15] Nouvelle pièce générée
[2025-11-17 20:21:15] Pièce état : MovingState
[2025-11-17 20:24:59] Power-up SlowDown appliqué à la pièce
[2025-11-17 20:24:59] Nouvelle pièce générée
[2025-11-17 20:24:59] Jeu démarré
[2025-11-17 20:25:00] Pièce état : MovingState
[2025-11-17 20:25:00] Pièce tournée
[2025-11-17 20:25:01] Pièce tournée
[2025-11-17 20:25:02] Pièce tournée
[2025-11-17 20:25:05] Pièce posée dans la grille
[2025-11-17 20:25:05] Power-up SlowDown appliqué à la pièce
[2025-11-17 20:25:05] Nouvelle pièce générée
[2025-11-17 20:25:06] Pièce état : MovingState
[2025-11-17 20:25:10] Pièce posée dans la grille
[2025-11-17 20:25:10] Power-up SlowDown appliqué à la pièce
[2025-11-17 20:25:10] Nouvelle pièce générée
[2025-11-17 20:25:10] Pièce état : MovingState
[2025-11-17 20:25:15] Pièce tournée
[2025-11-17 20:25:16] Pièce tournée
[2025-11-17 20:25:16] Pièce tournée
[2025-11-17 20:25:18] Pièce posée dans la grille
[2025-11-17 20:25:18] Nouvelle pièce générée
[2025-11-17 20:25:18] Pièce état : MovingState
[2025-11-17 20:25:22] Pièce posée dans la grille
[2025-11-17 20:25:22] Power-up SlowDown appliqué à la pièce
[2025-11-17 20:25:22] Nouvelle pièce générée
[2025-11-17 20:25:23] Pièce état : MovingState
[2025-11-17 20:25:26] Pièce posée dans la grille
[2025-11-17 20:25:26] Nouvelle pièce générée
[2025-11-17 20:25:27] Pièce état : MovingState
[2025-11-17 20:25:30] Pièce posée dans la grille
[2025-11-17 20:25:30] Nouvelle pièce générée
[2025-11-17 20:25:31] Pièce état : MovingState
[2025-11-17 20:25:33] Pièce tournée
[2025-11-17 20:25:34] Pièce posée dans la grille
[2025-11-17 20:25:34] Power-up SlowDown appliqué à la pièce
[2025-11-17 20:25:34] Nouvelle pièce générée
[2025-11-17 20:25:35] Pièce état : MovingState
[2025-11-17 20:25:38] Pièce posée dans la grille
[2025-11-17 20:25:38] Nouvelle pièce générée
[2025-11-17 20:25:38] Pièce état : MovingState
[2025-11-17 20:25:42] Pièce posée dans la grille
[2025-11-17 20:25:42] Nouvelle pièce générée
[2025-11-17 20:25:42] Pièce état : MovingState
[2025-11-17 20:25:45] Pièce posée dans la grille
[2025-11-17 20:25:45] Power-up SlowDown appliqué à la pièce
[2025-11-17 20:25:45] Nouvelle pièce générée
[2025-11-17 20:25:46] Pièce état : MovingState
[2025-11-17 20:25:48] Pièce posée dans la grille
[2025-11-17 20:25:48] Power-up SlowDown appliqué à la pièce
[2025-11-17 20:25:48] Nouvelle pièce générée
[2025-11-17 20:25:49] Pièce état : MovingState
[2025-11-17 20:25:50] Pièce tournée
[2025-11-17 20:25:51] Pièce tournée
[2025-11-17 20:25:52] Pièce tournée
[2025-11-17 20:25:55] Pièce posée dans la grille
[2025-11-17 20:25:55] Nouvelle pièce générée
[2025-11-17 20:25:55] Pièce état : MovingState
[2025-11-17 20:25:58] Pièce posée dans la grille
[2025-11-17 20:25:58] Nouvelle pièce générée
[2025-11-17 20:25:58] Pièce état : MovingState
[2025-11-17 20:25:59] Pièce tournée
[2025-11-17 20:25:59] Pièce tournée
[2025-11-17 20:26:01] Pièce tournée
[2025-11-17 20:26:04] Pièce posée dans la grille
[2025-11-17 20:26:04] Lignes complétées: 1
[2025-11-17 20:26:04] Nouvelle pièce générée
[2025-11-17 20:26:04] Pièce état : MovingState
[2025-11-17 20:28:40] Nouvelle pièce générée
[2025-11-17 20:28:40] Jeu démarré
[2025-11-17 20:28:41] Pièce état : MovingState
[2025-11-17 20:28:44] Pièce posée dans la grille
[2025-11-17 20:28:44] Nouvelle pièce générée
[2025-11-17 20:28:44] Pièce état : MovingState
[2025-11-17 20:28:47] Pièce posée dans la grille
[2025-11-17 20:28:47] Nouvelle pièce générée
[2025-11-17 20:28:48] Pièce état : MovingState
[2025-11-17 20:28:51] Pièce posée dans la grille
[2025-11-17 20:28:51] Nouvelle pièce générée
[2025-11-17 20:28:52] Pièce état : MovingState
[2025-11-17 20:28:55] Pièce posée dans la grille
[2025-11-17 20:28:55] Power-up SlowDown appliqué à la pièce
[2025-11-17 20:28:55] Nouvelle pièce générée
[2025-11-17 20:28:56] Pièce état : MovingState
[2025-11-17 20:28:58] Pièce tournée
[2025-11-17 20:29:00] Pièce posée dans la grille
[2025-11-17 20:29:00] Lignes complétées: 1
[2025-11-17 20:29:00] Nouvelle pièce générée
[2025-11-17 20:29:00] Pièce état : MovingState
[2025-11-17 20:29:02] Pièce tournée
[2025-11-17 20:29:03] Pièce tournée
[2025-11-17 20:29:03] Pièce tournée
[2025-11-17 20:29:07] Pièce posée dans la grille
[2025-11-17 20:29:07] Lignes complétées: 1
[2025-11-17 20:29:07] Nouvelle pièce générée
[2025-11-17 20:29:07] Pièce état : MovingState
[2025-11-17 20:29:11] Pièce posée dans la grille
[2025-11-17 20:29:11] Nouvelle pièce générée
[2025-11-17 20:29:12] Pièce état : MovingState
[2025-11-17 20:29:12] Pièce tournée
[2025-11-17 20:29:15] Pièce posée dans la grille
[2025-11-17 20:29:15] Nouvelle pièce générée
[2025-11-17 20:29:16] Pièce état : MovingState
[2025-11-17 20:29:17] Pièce tournée
[2025-11-17 20:29:20] Pièce posée dans la grille
[2025-11-17 20:29:20] Lignes complétées: 1
[2025-11-17 20:29:20] Nouvelle pièce générée
[2025-11-17 20:29:21] Pièce état : MovingState
[2025-11-17 20:36:44] Nouvelle pièce générée
[2025-11-17 20:36:44] Jeu démarré
[2025-11-17 20:36:44] Pièce état : MovingState
[2025-11-17 20:36:49] Pièce posée dans la grille
[2025-11-17 20:36:49] Nouvelle pièce générée
[2025-11-17 20:36:50] Pièce état : MovingState
[2025-11-17 20:36:51] Pièce tournée
[2025-11-17 20:36:53] Pièce posée dans la grille
[2025-11-17 20:36:53] Nouvelle pièce générée
[2025-11-17 20:36:53] Pièce état : MovingState
[2025-11-17 20:36:54] Pièce tournée
[2025-11-17 20:36:57] Jeu en pause
[2025-11-17 20:37:00] Jeu repris
[2025-11-17 20:37:02] Pièce posée dans la grille
[2025-11-17 20:37:02] Nouvelle pièce générée
[2025-11-17 20:37:03] Pièce état : MovingState
[2025-11-17 20:37:06] Pièce posée dans la grille
[2025-11-17 20:37:06] Lignes complétées: 1
[2025-11-17 20:37:06] Nouvelle pièce générée
[2025-11-17 20:37:07] Pièce état : MovingState
[2025-11-17 20:37:09] Jeu en pause
[2025-11-17 20:37:11] Jeu repris
[2025-11-17 20:37:15] Pièce tournée
[2025-11-17 20:37:16] Pièce tournée
[2025-11-17 20:37:17] Pièce posée dans la grille
[2025-11-17 20:37:17] Nouvelle pièce générée
[2025-11-17 20:37:18] Pièce état : MovingState
[2025-11-17 20:37:19] Jeu en pause
[2025-11-19 18:58:05] Nouvelle pièce générée
[2025-11-19 18:58:05] Jeu démarré
[2025-11-19 18:58:05] Changement d'état : MenuState
[2025-11-19 18:58:06] Pièce état : MovingState
[2025-11-19 18:58:07] Pièce tournée
[2025-11-19 18:58:11] Pièce tournée
[2025-11-19 18:58:14] Pièce posée dans la grille
[2025-11-19 18:58:14] Power-up SlowDown appliqué à la pièce
[2025-11-19 18:58:14] Nouvelle pièce générée
[2025-11-19 18:58:15] Pièce état : MovingState
[2025-11-19 19:06:30] Nouvelle pièce générée
[2025-11-19 19:06:30] Jeu démarré
[2025-11-19 19:06:30] Changement d'état : PlayingState
[2025-11-19 19:06:30] Pièce état : MovingState
[2025-11-19 19:06:32] Pièce tournée
[2025-11-19 19:06:34] Pièce tournée
[2025-11-19 19:06:35] Jeu en pause
[2025-11-19 19:06:35] Changement d'état : PauseState
[2025-11-19 19:06:44] Jeu repris
[2025-11-19 19:06:44] Changement d'état : PlayingState
[2025-11-19 19:06:48] Pièce tournée
[2025-11-19 19:06:49] Pièce posée dans la grille
[2025-11-19 19:06:49] Power-up SlowDown appliqué à la pièce
[2025-11-19 19:06:49] Nouvelle pièce générée
[2025-11-19 19:06:50] Pièce état : MovingState
[2025-11-19 19:06:51] Jeu en pause
[2025-11-19 19:06:51] Changement d'état : PauseState
[2025-11-19 19:06:53] Jeu repris
[2025-11-19 19:06:53] Changement d'état : PlayingState
[2025-11-19 19:07:01] Pièce posée dans la grille
[2025-11-19 19:07:01] Nouvelle pièce générée
[2025-11-19 19:07:01] Pièce état : MovingState
[2025-11-19 19:07:07] Pièce tournée
[2025-11-19 19:07:08] Pièce posée dans la grille
[2025-11-19 19:07:08] Nouvelle pièce générée
[2025-11-19 19:07:08] Pièce état : MovingState
[2025-11-19 19:07:12] Jeu en pause
[2025-11-19 19:07:12] Changement d'état : PauseState
[2025-11-19 19:25:14] Nouvelle pièce générée
[2025-11-19 19:25:14] Jeu démarré
[2025-11-19 19:25:14] Changement d'état : MenuState
[2025-11-19 19:25:14] Pièce état : MovingState
[2025-11-19 19:25:16] Pièce tournée
[2025-11-19 19:25:22] Pièce tournée
[2025-11-19 19:25:24] Pièce posée dans la grille
[2025-11-19 19:25:24] Power-up SlowDown appliqué à la pièce
[2025-11-19 19:25:24] Nouvelle pièce générée
[2025-11-19 19:25:25] Pièce état : MovingState
[2025-11-19 19:26:29] Nouvelle pièce générée
[2025-11-19 19:26:29] Jeu démarré
[2025-11-19 19:26:29] Changement d'état : PlayingState
[2025-11-19 19:26:29] Changement d'état : MenuState
[2025-11-19 19:26:29] Pièce état : MovingState
[2025-11-19 19:28:12] Nouvelle pièce générée
[2025-11-19 19:28:12] Jeu démarré
[2025-11-19 19:28:12] Changement d'état : PlayingState
[2025-11-19 19:28:13] Pièce état : MovingState
[2025-11-19 19:28:16] Jeu en pause
[2025-11-19 19:28:16] Changement d'état : PauseState
[2025-11-19 19:28:23] Jeu repris
[2025-11-19 19:28:23] Changement d'état : PlayingState
[2025-11-19 19:28:29] Pièce posée dans la grille
[2025-11-19 19:28:29] Nouvelle pièce générée
[2025-11-19 19:28:30] Pièce état : MovingState
[2025-11-19 19:28:37] Pièce posée dans la grille
[2025-11-19 19:28:37] Power-up SlowDown appliqué à la pièce
[2025-11-19 19:28:37] Nouvelle pièce générée
[2025-11-19 19:28:38] Pièce état : MovingState
[2025-11-19 19:28:38] Pièce tournée
[2025-11-19 19:28:41] Jeu en pause
[2025-11-19 19:28:41] Changement d'état : PauseState
[2025-11-19 19:28:42] Jeu repris
[2025-11-19 19:28:42] Changement d'état : PlayingState
